Arguments: 
  C:\Program Files\nodejs\node.exe C:\Program Files (x86)\Yarn\bin\yarn.js

PATH: 
  c:\program files\graphicsmagick-1.3.26-q16;C:\Program Files\Microsoft MPI\Bin\;C:\WINDOWS\system32;C:\WINDOWS;C:\WINDOWS\System32\Wbem;C:\WINDOWS\System32\WindowsPowerShell\v1.0\;C:\ProgramData\chocolatey\bin;C:\Program Files\Microsoft\Web Platform Installer\;C:\Program Files\Microsoft SQL Server\130\Tools\Binn\;C:\Program Files\dotnet\;C:\Program Files\Anaconda3;C:\Program Files\Anaconda3\Scripts;C:\Program Files\Anaconda3\Library\bin;C:\Program Files\Microsoft SQL Server\Client SDK\ODBC\130\Tools\Binn\;C:\Program Files (x86)\Microsoft SQL Server\130\Tools\Binn\;C:\Program Files\Microsoft SQL Server\130\DTS\Binn\;C:\Program Files (x86)\Microsoft SQL Server\Client SDK\ODBC\130\Tools\Binn\;C:\Program Files (x86)\Microsoft SQL Server\130\DTS\Binn\;C:\Program Files (x86)\Microsoft SQL Server\130\Tools\Binn\ManagementStudio\;C:\Program Files (x86)\Graphviz2.38\bin;C:\Program Files\Git\cmd;C:\Program Files (x86)\Yarn\bin;C:\Program Files\nodejs\;%SystemRoot%\system32;%SystemRoot%;%SystemRoot%\System32\Wbem;%SYSTEMROOT%\System32\WindowsPowerShell\v1.0\;C:\Users\cyprien.autexier\AppData\Local\Microsoft\WindowsApps;C:\Users\cyprien.autexier\AppData\Local\Programs\Fiddler;C:\Program Files\gs\gs9.21\bin;C:\Program Files\gs\gs9.21\lib;C:\Program Files\Microsoft VS Code\bin;C:\Users\cyprien.autexier\AppData\Local\Yarn\bin;C:\Users\cyprien.autexier\AppData\Roaming\npm;%USERPROFILE%\AppData\Local\Microsoft\WindowsApps;

Yarn version: 
  1.2.1

Node version: 
  8.9.1

Platform: 
  win32 x64

npm manifest: 
  {
    "name": "gl-ngx-configuration",
    "version": "0.0.0",
    "license": "MIT",
    "scripts": {
      "ng": "ng",
      "start": "ng serve",
      "build": "ng build",
      "test": "ng test",
      "lint": "ng lint",
      "e2e": "ng e2e",
      "package": "ng-packagr",
      "link": "run-s package link:core",
      "link:core": "cd dist\\gl-ngx-configuration && yarn link"
    },
    "private": true,
    "dependencies": {
      "@angular/animations": "^5.0.0",
      "@angular/common": "^5.0.0",
      "@angular/compiler": "^5.0.0",
      "@angular/core": "^5.0.0",
      "@angular/forms": "^5.0.0",
      "@angular/http": "^5.0.0",
      "@angular/platform-browser": "^5.0.0",
      "@angular/platform-browser-dynamic": "^5.0.0",
      "@angular/router": "^5.0.0",
      "core-js": "^2.4.1",
      "rxjs": "^5.5.2",
      "zone.js": "^0.8.14"
    },
    "devDependencies": {
      "@angular/cli": "1.6.3",
      "@angular/compiler-cli": "^5.0.0",
      "@angular/language-service": "^5.0.0",
      "@types/jasmine": "~2.5.53",
      "@types/jasminewd2": "~2.0.2",
      "@types/node": "~6.0.60",
      "codelyzer": "~3.2.0",
      "jasmine-core": "~2.6.2",
      "jasmine-spec-reporter": "~4.1.0",
      "karma": "~1.7.0",
      "karma-chrome-launcher": "~2.1.1",
      "karma-cli": "~1.0.1",
      "karma-coverage-istanbul-reporter": "^1.2.1",
      "karma-jasmine": "~1.1.0",
      "karma-jasmine-html-reporter": "^0.2.2",
      "ng-packagr": "^1.6.0",
      "protractor": "~5.1.2",
      "ts-node": "~3.2.0",
      "tslint": "~5.7.0",
      "typescript": "~2.4.2",
      "lodash": "4.17.4",
      "npm-run-all": "4.1.2"
    }
  }

yarn manifest: 
  No manifest

Lockfile: 
  No lockfile

Trace: 
  Error: registry.npmjs.com/@angular%2fanimations: Invalid URI "registry.npmjs.com/@angular%2fanimations"
      at Request.module.exports.Request.init (C:\Program Files (x86)\Yarn\lib\cli.js:123099:31)
      at new Request (C:\Program Files (x86)\Yarn\lib\cli.js:122953:8)
      at request (C:\Program Files (x86)\Yarn\lib\cli.js:121551:10)
      at RequestManager.execute (C:\Program Files (x86)\Yarn\lib\cli.js:62072:17)
      at RequestManager.shiftQueue (C:\Program Files (x86)\Yarn\lib\cli.js:62099:10)
      at promise.default (C:\Program Files (x86)\Yarn\lib\cli.js:61876:12)
      at new Promise (<anonymous>)
      at new F (C:\Program Files (x86)\Yarn\lib\cli.js:29382:28)
      at RequestManager.request (C:\Program Files (x86)\Yarn\lib\cli.js:61874:21)
      at NpmRegistry.request (C:\Program Files (x86)\Yarn\lib\cli.js:30356:32)
